<?xml version="1.0" encoding="utf-8"?><testsuites name="pytest tests"><testsuite name="pytest" errors="0" failures="0" skipped="0" tests="17" time="3.689" timestamp="2026-06-15T19:36:36.047893+00:00" hostname="agent-env-7ed62f32-53fc-4ca6-b6a7-5391d4bb0b3b"><testcase classname="backend.tests.test_image_upload.TestRoleLogins" name="test_admin_login" time="0.501" /><testcase classname="backend.tests.test_image_upload.TestRoleLogins" name="test_vendor_login" time="0.265" /><testcase classname="backend.tests.test_image_upload.TestRoleLogins" name="test_delivery_login" time="0.268" /><testcase classname="backend.tests.test_image_upload.TestRoleLogins" name="test_customer_login" time="0.265" /><testcase classname="backend.tests.test_image_upload.TestAdminRoleGuard" name="test_customer_token_blocked_on_admin_products" time="0.324" /><testcase classname="backend.tests.test_image_upload.TestAdminRoleGuard" name="test_no_token_blocked_on_admin_categories" time="0.041" /><testcase classname="backend.tests.test_image_upload.TestAdminProductImageUpload" name="test_create_product_with_large_base64" time="0.575" /><testcase classname="backend.tests.test_image_upload.TestAdminProductImageUpload" name="test_get_products_returns_base64_image" time="0.167" /><testcase classname="backend.tests.test_image_upload.TestAdminProductImageUpload" name="test_update_product_with_new_large_base64" time="0.229" /><testcase classname="backend.tests.test_image_upload.TestAdminProductImageUpload" name="test_cleanup_delete_product" time="0.122" /><testcase classname="backend.tests.test_image_upload.TestAdminCategoryImageUpload" name="test_create_category_with_large_base64" time="0.134" /><testcase classname="backend.tests.test_image_upload.TestAdminCategoryImageUpload" name="test_get_categories_returns_base64" time="0.057" /><testcase classname="backend.tests.test_image_upload.TestAdminCategoryImageUpload" name="test_cleanup_delete_category" time="0.044" /><testcase classname="backend.tests.test_image_upload.TestAdminBannerImageUpload" name="test_create_banner_with_large_base64" time="0.086" /><testcase classname="backend.tests.test_image_upload.TestAdminBannerImageUpload" name="test_get_banners_returns_base64" time="0.063" /><testcase classname="backend.tests.test_image_upload.TestAdminBannerImageUpload" name="test_cleanup_delete_banner" time="0.051" /><testcase classname="backend.tests.test_image_upload.TestVeryLargePayload" name="test_5mb_product_image_not_413" time="0.405" /></testsuite></testsuites>