<?xml version="1.0" encoding="utf-8"?><testsuites name="pytest tests"><testsuite name="pytest" errors="0" failures="0" skipped="0" tests="20" time="4.237" timestamp="2026-06-15T18:41:27.101542+00:00" hostname="agent-env-7ed62f32-53fc-4ca6-b6a7-5391d4bb0b3b"><testcase classname="backend.tests.test_kmt_bazaar.TestAuth" name="test_login_all_demo_accounts" time="1.310" /><testcase classname="backend.tests.test_kmt_bazaar.TestAuth" name="test_login_invalid_password" time="0.272" /><testcase classname="backend.tests.test_kmt_bazaar.TestAuth" name="test_register_duplicate_email" time="0.047" /><testcase classname="backend.tests.test_kmt_bazaar.TestAuth" name="test_otp_request_and_verify_mock" time="0.092" /><testcase classname="backend.tests.test_kmt_bazaar.TestAuth" name="test_otp_invalid_code_rejected" time="0.046" /><testcase classname="backend.tests.test_kmt_bazaar.TestAuth" name="test_me_unauthenticated_401" time="0.044" /><testcase classname="backend.tests.test_kmt_bazaar.TestAuth" name="test_me_authenticated" time="0.321" /><testcase classname="backend.tests.test_kmt_bazaar.TestCatalog" name="test_categories_seeded" time="0.051" /><testcase classname="backend.tests.test_kmt_bazaar.TestCatalog" name="test_banners_seeded" time="0.052" /><testcase classname="backend.tests.test_kmt_bazaar.TestCatalog" name="test_stores_seeded" time="0.080" /><testcase classname="backend.tests.test_kmt_bazaar.TestCatalog" name="test_products_seeded_15" time="0.049" /><testcase classname="backend.tests.test_kmt_bazaar.TestCatalog" name="test_products_trending_filter" time="0.050" /><testcase classname="backend.tests.test_kmt_bazaar.TestCatalog" name="test_products_category_filter" time="0.049" /><testcase classname="backend.tests.test_kmt_bazaar.TestCatalog" name="test_products_search_q" time="0.049" /><testcase classname="backend.tests.test_kmt_bazaar.TestCatalog" name="test_product_detail" time="0.051" /><testcase classname="backend.tests.test_kmt_bazaar.TestCatalog" name="test_product_detail_404" time="0.049" /><testcase classname="backend.tests.test_kmt_bazaar.TestCartCheckout" name="test_cart_unauth_401" time="0.241" /><testcase classname="backend.tests.test_kmt_bazaar.TestCartCheckout" name="test_full_checkout_flow" time="0.780" /><testcase classname="backend.tests.test_kmt_bazaar.TestCartCheckout" name="test_checkout_with_empty_cart_fails" time="0.198" /><testcase classname="backend.tests.test_kmt_bazaar.TestCartCheckout" name="test_online_payment_marks_paid" time="0.257" /></testsuite></testsuites>