<?xml version="1.0" encoding="utf-8"?><testsuites name="pytest tests"><testsuite name="pytest" errors="0" failures="0" skipped="0" tests="21" time="7.959" timestamp="2026-06-15T19:12:06.373632+00:00" hostname="agent-env-7ed62f32-53fc-4ca6-b6a7-5391d4bb0b3b"><testcase classname="backend.tests.test_phase2_panels.TestAdminStats" name="test_admin_stats_full_shape" time="1.964" /><testcase classname="backend.tests.test_phase2_panels.TestAdminStats" name="test_admin_stats_role_guard" time="0.299" /><testcase classname="backend.tests.test_phase2_panels.TestAdminStats" name="test_admin_unauth_401" time="0.138" /><testcase classname="backend.tests.test_phase2_panels.TestAdminUsers" name="test_list_users_by_role" time="0.341" /><testcase classname="backend.tests.test_phase2_panels.TestAdminUsers" name="test_toggle_user" time="0.349" /><testcase classname="backend.tests.test_phase2_panels.TestAdminOrders" name="test_list_orders_filters" time="0.518" /><testcase classname="backend.tests.test_phase2_panels.TestAdminOrders" name="test_advance_order_status_creates_notification" time="0.564" /><testcase classname="backend.tests.test_phase2_panels.TestAdminProducts" name="test_product_crud" time="0.512" /><testcase classname="backend.tests.test_phase2_panels.TestAdminCategoriesBanners" name="test_category_create_delete" time="0.300" /><testcase classname="backend.tests.test_phase2_panels.TestAdminCategoriesBanners" name="test_banner_create_delete" time="0.403" /><testcase classname="backend.tests.test_phase2_panels.TestAdminCommission" name="test_get_and_set" time="0.630" /><testcase classname="backend.tests.test_phase2_panels.TestVendor" name="test_vendor_stats_and_payout" time="0.100" /><testcase classname="backend.tests.test_phase2_panels.TestVendor" name="test_vendor_products_scoped" time="0.107" /><testcase classname="backend.tests.test_phase2_panels.TestVendor" name="test_vendor_orders_my_items" time="0.093" /><testcase classname="backend.tests.test_phase2_panels.TestVendor" name="test_vendor_role_guard" time="0.193" /><testcase classname="backend.tests.test_phase2_panels.TestVendor" name="test_vendor_cannot_edit_foreign_product" time="0.193" /><testcase classname="backend.tests.test_phase2_panels.TestDelivery" name="test_delivery_online_toggle_and_me" time="0.198" /><testcase classname="backend.tests.test_phase2_panels.TestDelivery" name="test_available_only_accepted" time="0.098" /><testcase classname="backend.tests.test_phase2_panels.TestDelivery" name="test_claim_and_deliver_flow" time="0.630" /><testcase classname="backend.tests.test_phase2_panels.TestDelivery" name="test_delivery_stats" time="0.115" /><testcase classname="backend.tests.test_phase2_panels.TestDelivery" name="test_delivery_role_guard" time="0.111" /></testsuite></testsuites>