<?xml version="1.0" encoding="utf-8"?><testsuites name="pytest tests"><testsuite name="pytest" errors="0" failures="0" skipped="0" tests="26" time="8.992" timestamp="2026-06-16T06:32:55.027556+00:00" hostname="agent-env-7ed62f32-53fc-4ca6-b6a7-5391d4bb0b3b"><testcase classname="backend.tests.test_phase1_refactor.TestVendorApproval" name="test_01_register_vendor_pending" time="0.400" /><testcase classname="backend.tests.test_phase1_refactor.TestVendorApproval" name="test_02_pending_vendor_cannot_create_product" time="0.098" /><testcase classname="backend.tests.test_phase1_refactor.TestVendorApproval" name="test_03_admin_lists_vendors_with_status" time="1.790" /><testcase classname="backend.tests.test_phase1_refactor.TestVendorApproval" name="test_04_admin_approve_vendor_and_notif" time="0.295" /><testcase classname="backend.tests.test_phase1_refactor.TestVendorApproval" name="test_05_admin_reject_vendor" time="0.510" /><testcase classname="backend.tests.test_phase1_refactor.TestVendorApproval" name="test_06_admin_suspend_then_reactivate" time="0.491" /><testcase classname="backend.tests.test_phase1_refactor.TestVendorApproval" name="test_07_vendor_me_for_approved_vendor" time="0.094" /><testcase classname="backend.tests.test_phase1_refactor.TestProductApproval" name="test_08_vendor_creates_product_pending" time="0.096" /><testcase classname="backend.tests.test_phase1_refactor.TestProductApproval" name="test_09_customer_products_excludes_pending" time="0.141" /><testcase classname="backend.tests.test_phase1_refactor.TestProductApproval" name="test_10_admin_products_includes_all_with_filter" time="0.244" /><testcase classname="backend.tests.test_phase1_refactor.TestProductApproval" name="test_11_admin_approves_product_and_visible_to_customers" time="0.337" /><testcase classname="backend.tests.test_phase1_refactor.TestProductApproval" name="test_12_admin_rejects_a_product" time="0.302" /><testcase classname="backend.tests.test_phase1_refactor.TestProductApproval" name="test_13_vendor_edit_drops_status_to_pending" time="0.098" /><testcase classname="backend.tests.test_phase1_refactor.TestProductApproval" name="test_14_admin_create_product_auto_approved" time="0.191" /><testcase classname="backend.tests.test_phase1_refactor.TestMultiVendorOrder" name="test_15_customer_multi_vendor_checkout" time="0.577" /><testcase classname="backend.tests.test_phase1_refactor.TestMultiVendorOrder" name="test_16_admin_order_detail_has_order_items" time="0.124" /><testcase classname="backend.tests.test_phase1_refactor.TestMultiVendorOrder" name="test_17_vendor_isolation_in_vendor_orders" time="0.231" /><testcase classname="backend.tests.test_phase1_refactor.TestMultiVendorOrder" name="test_18_vendor_accept_promotes_order" time="0.373" /><testcase classname="backend.tests.test_phase1_refactor.TestMultiVendorOrder" name="test_19_per_item_status_pack_promotes_ready_for_pickup" time="0.536" /><testcase classname="backend.tests.test_phase1_refactor.TestMultiVendorOrder" name="test_20_customer_and_admin_notifications_after_order" time="0.391" /><testcase classname="backend.tests.test_phase1_refactor.TestRoleGuards" name="test_21_customer_cannot_list_admin_vendors" time="0.092" /><testcase classname="backend.tests.test_phase1_refactor.TestRoleGuards" name="test_22_pending_vendor_blocked_from_vendor_stats" time="0.414" /><testcase classname="backend.tests.test_phase1_refactor.TestRoleGuards" name="test_23_approved_vendor_can_get_stats" time="0.095" /><testcase classname="backend.tests.test_phase1_refactor.TestBackCompat" name="test_24_customer_orders_list" time="0.138" /><testcase classname="backend.tests.test_phase1_refactor.TestBackCompat" name="test_25_customer_order_detail" time="0.115" /><testcase classname="backend.tests.test_phase1_refactor.TestBackCompat" name="test_26_legacy_orders_backfilled_with_order_items" time="0.712" /></testsuite></testsuites>