<?xml version="1.0" encoding="utf-8"?><testsuites name="pytest tests"><testsuite name="pytest" errors="0" failures="5" skipped="0" tests="58" time="89.381" timestamp="2026-06-16T06:33:08.762697+00:00" hostname="agent-env-7ed62f32-53fc-4ca6-b6a7-5391d4bb0b3b"><testcase classname="backend.tests.test_kmt_bazaar.TestAuth" name="test_login_all_demo_accounts" time="27.443" /><testcase classname="backend.tests.test_kmt_bazaar.TestAuth" name="test_login_invalid_password" time="0.267" /><testcase classname="backend.tests.test_kmt_bazaar.TestAuth" name="test_register_duplicate_email" time="0.043" /><testcase classname="backend.tests.test_kmt_bazaar.TestAuth" name="test_otp_request_and_verify_mock" time="0.124" /><testcase classname="backend.tests.test_kmt_bazaar.TestAuth" name="test_otp_invalid_code_rejected" time="0.043" /><testcase classname="backend.tests.test_kmt_bazaar.TestAuth" name="test_me_unauthenticated_401" time="0.041" /><testcase classname="backend.tests.test_kmt_bazaar.TestAuth" name="test_me_authenticated" time="0.385" /><testcase classname="backend.tests.test_kmt_bazaar.TestCatalog" name="test_categories_seeded" time="0.078"><failure message="AssertionError: expected 5 cats, got 7&#10;assert 7 == 5&#10; +  where 7 = len([{'color': '#16A34A', 'icon': 'cart-outline', 'id': 'cat-grocery', 'image': 'https://images.unsplash.com/photo-1542838...AKG0gDbYAHYUNPgxoiHnSMgKwB4DFk6JlTGC47nvnboKi3I9gbOFBLuMlhzdR6gqutcHtue3oKpTXBwGzuYY55tbSSqHYkLuSMntUFs//Z', ...}, ...])">E   AssertionError: expected 5 cats, got 7
    assert 7 == 5
     +  where 7 = len([{'color': '#16A34A', 'icon': 'cart-outline', 'id': 'cat-grocery', 'image': 'https://images.unsplash.com/photo-1542838...AKG0gDbYAHYUNPgxoiHnSMgKwB4DFk6JlTGC47nvnboKi3I9gbOFBLuMlhzdR6gqutcHtue3oKpTXBwGzuYY55tbSSqHYkLuSMntUFs//Z', ...}, ...])</failure></testcase><testcase classname="backend.tests.test_kmt_bazaar.TestCatalog" name="test_banners_seeded" time="0.089" /><testcase classname="backend.tests.test_kmt_bazaar.TestCatalog" name="test_stores_seeded" time="0.083" /><testcase classname="backend.tests.test_kmt_bazaar.TestCatalog" name="test_products_seeded_15" time="0.057"><failure message="AssertionError: assert 20 == 15&#10; +  where 20 = len([{'approved_at': '2026-06-16T06:26:14.180924+00:00', 'category_id': 'cat-grocery', 'description': 'Fresh, juicy red to... 'category_id': 'cat-food', 'description': 'Aromatic basmati rice with tender chicken pieces.', 'id': 'p-6', ...}, ...])">E   AssertionError: assert 20 == 15
     +  where 20 = len([{'approved_at': '2026-06-16T06:26:14.180924+00:00', 'category_id': 'cat-grocery', 'description': 'Fresh, juicy red to... 'category_id': 'cat-food', 'description': 'Aromatic basmati rice with tender chicken pieces.', 'id': 'p-6', ...}, ...])</failure></testcase><testcase classname="backend.tests.test_kmt_bazaar.TestCatalog" name="test_products_trending_filter" time="0.056" /><testcase classname="backend.tests.test_kmt_bazaar.TestCatalog" name="test_products_category_filter" time="0.049" /><testcase classname="backend.tests.test_kmt_bazaar.TestCatalog" name="test_products_search_q" time="0.041" /><testcase classname="backend.tests.test_kmt_bazaar.TestCatalog" name="test_product_detail" time="0.043" /><testcase classname="backend.tests.test_kmt_bazaar.TestCatalog" name="test_product_detail_404" time="0.043" /><testcase classname="backend.tests.test_kmt_bazaar.TestCartCheckout" name="test_cart_unauth_401" time="0.375" /><testcase classname="backend.tests.test_kmt_bazaar.TestCartCheckout" name="test_full_checkout_flow" time="0.088"><failure message="assert 150.0 == 78.0">E   assert 150.0 == 78.0</failure></testcase><testcase classname="backend.tests.test_kmt_bazaar.TestCartCheckout" name="test_checkout_with_empty_cart_fails" time="0.250" /><testcase classname="backend.tests.test_kmt_bazaar.TestCartCheckout" name="test_online_payment_marks_paid" time="0.333" /><testcase classname="backend.tests.test_phase2_panels.TestAdminStats" name="test_admin_stats_full_shape" time="40.118" /><testcase classname="backend.tests.test_phase2_panels.TestAdminStats" name="test_admin_stats_role_guard" time="0.290" /><testcase classname="backend.tests.test_phase2_panels.TestAdminStats" name="test_admin_unauth_401" time="0.104" /><testcase classname="backend.tests.test_phase2_panels.TestAdminUsers" name="test_list_users_by_role" time="0.286" /><testcase classname="backend.tests.test_phase2_panels.TestAdminUsers" name="test_toggle_user" time="0.292" /><testcase classname="backend.tests.test_phase2_panels.TestAdminOrders" name="test_list_orders_filters" time="0.715" /><testcase classname="backend.tests.test_phase2_panels.TestAdminOrders" name="test_advance_order_status_creates_notification" time="0.564" /><testcase classname="backend.tests.test_phase2_panels.TestAdminProducts" name="test_product_crud" time="0.472" /><testcase classname="backend.tests.test_phase2_panels.TestAdminCategoriesBanners" name="test_category_create_delete" time="0.365" /><testcase classname="backend.tests.test_phase2_panels.TestAdminCategoriesBanners" name="test_banner_create_delete" time="0.375" /><testcase classname="backend.tests.test_phase2_panels.TestAdminCommission" name="test_get_and_set" time="0.373" /><testcase classname="backend.tests.test_phase2_panels.TestVendor" name="test_vendor_stats_and_payout" time="0.099" /><testcase classname="backend.tests.test_phase2_panels.TestVendor" name="test_vendor_products_scoped" time="0.106"><failure message="AssertionError: vendor1 saw foreign store products: [None, 'st-1', 'st-1', 'st-1', 'st-4', 'st-4', 'st-4', 'st-1', 'st-1', 'st-1']&#10;assert False&#10; +  where False = all(&lt;generator object TestVendor.test_vendor_products_scoped.&lt;locals&gt;.&lt;genexpr&gt; at 0xfe25d6e9bc60&gt;)">E   AssertionError: vendor1 saw foreign store products: [None, 'st-1', 'st-1', 'st-1', 'st-4', 'st-4', 'st-4', 'st-1', 'st-1', 'st-1']
    assert False
     +  where False = all(&lt;generator object TestVendor.test_vendor_products_scoped.&lt;locals&gt;.&lt;genexpr&gt; at 0xfe25d6e9bc60&gt;)</failure></testcase><testcase classname="backend.tests.test_phase2_panels.TestVendor" name="test_vendor_orders_my_items" time="0.142"><failure message="AssertionError: assert ('my_items' in {'address': {'city': 'x', 'created_at': '2026-06-16T06:33:38.688624+00:00', 'full_name': 'T', 'id': 'd9103a7a-5b8f-44d...33:38.730480+00:00', 'id': 'oi-04be58ef8a', 'mrp': 299, 'order_id': '9345fd9d-85e5-461c-90a6-3deea20452e8', ...}], ...})">E   AssertionError: assert ('my_items' in {'address': {'city': 'x', 'created_at': '2026-06-16T06:33:38.688624+00:00', 'full_name': 'T', 'id': 'd9103a7a-5b8f-44d...33:38.730480+00:00', 'id': 'oi-04be58ef8a', 'mrp': 299, 'order_id': '9345fd9d-85e5-461c-90a6-3deea20452e8', ...}], ...})</failure></testcase><testcase classname="backend.tests.test_phase2_panels.TestVendor" name="test_vendor_role_guard" time="0.236" /><testcase classname="backend.tests.test_phase2_panels.TestVendor" name="test_vendor_cannot_edit_foreign_product" time="0.184" /><testcase classname="backend.tests.test_phase2_panels.TestDelivery" name="test_delivery_online_toggle_and_me" time="0.191" /><testcase classname="backend.tests.test_phase2_panels.TestDelivery" name="test_available_only_accepted" time="0.099" /><testcase classname="backend.tests.test_phase2_panels.TestDelivery" name="test_claim_and_deliver_flow" time="10.644" /><testcase classname="backend.tests.test_phase2_panels.TestDelivery" name="test_delivery_stats" time="0.107" /><testcase classname="backend.tests.test_phase2_panels.TestDelivery" name="test_delivery_role_guard" time="0.098" /><testcase classname="backend.tests.test_image_upload.TestRoleLogins" name="test_admin_login" time="0.319" /><testcase classname="backend.tests.test_image_upload.TestRoleLogins" name="test_vendor_login" time="0.268" /><testcase classname="backend.tests.test_image_upload.TestRoleLogins" name="test_delivery_login" time="0.272" /><testcase classname="backend.tests.test_image_upload.TestRoleLogins" name="test_customer_login" time="0.276" /><testcase classname="backend.tests.test_image_upload.TestAdminRoleGuard" name="test_customer_token_blocked_on_admin_products" time="0.330" /><testcase classname="backend.tests.test_image_upload.TestAdminRoleGuard" name="test_no_token_blocked_on_admin_categories" time="0.045" /><testcase classname="backend.tests.test_image_upload.TestAdminProductImageUpload" name="test_create_product_with_large_base64" time="0.535" /><testcase classname="backend.tests.test_image_upload.TestAdminProductImageUpload" name="test_get_products_returns_base64_image" time="0.225" /><testcase classname="backend.tests.test_image_upload.TestAdminProductImageUpload" name="test_update_product_with_new_large_base64" time="0.210" /><testcase classname="backend.tests.test_image_upload.TestAdminProductImageUpload" name="test_cleanup_delete_product" time="0.091" /><testcase classname="backend.tests.test_image_upload.TestAdminCategoryImageUpload" name="test_create_category_with_large_base64" time="0.082" /><testcase classname="backend.tests.test_image_upload.TestAdminCategoryImageUpload" name="test_get_categories_returns_base64" time="0.086" /><testcase classname="backend.tests.test_image_upload.TestAdminCategoryImageUpload" name="test_cleanup_delete_category" time="0.056" /><testcase classname="backend.tests.test_image_upload.TestAdminBannerImageUpload" name="test_create_banner_with_large_base64" time="0.084" /><testcase classname="backend.tests.test_image_upload.TestAdminBannerImageUpload" name="test_get_banners_returns_base64" time="0.111" /><testcase classname="backend.tests.test_image_upload.TestAdminBannerImageUpload" name="test_cleanup_delete_banner" time="0.052" /><testcase classname="backend.tests.test_image_upload.TestVeryLargePayload" name="test_5mb_product_image_not_413" time="0.394" /></testsuite></testsuites>